#
# There is insufficient memory for the Java Runtime Environment to continue.
# Native memory allocation (malloc) failed to allocate 1683216 bytes. Error detail: Chunk::new
# Possible reasons:
#   The system is out of physical RAM or swap space
#   This process is running with CompressedOops enabled, and the Java Heap may be blocking the growth of the native heap
# Possible solutions:
#   Reduce memory load on the system
#   Increase physical memory or swap space
#   Check if swap backing store is full
#   Decrease Java heap size (-Xmx/-Xms)
#   Decrease number of Java threads
#   Decrease Java thread stack sizes (-Xss)
#   Set larger code cache with -XX:ReservedCodeCacheSize=
#   JVM is running with Unscaled Compressed Oops mode in which the Java heap is
#     placed in the first 4GB address space. The Java Heap base address is the
#     maximum limit for the native heap growth. Please use -XX:HeapBaseMinAddress
#     to set the Java Heap base and to place the Java Heap above 4GB virtual address.
# This output file may be truncated or incomplete.
#
#  Out of Memory Error (arena.cpp:168), pid=10824, tid=7412
#
# JRE version: OpenJDK Runtime Environment Temurin-21.0.9+10 (21.0.9+10) (build 21.0.9+10-LTS)
# Java VM: OpenJDK 64-Bit Server VM Temurin-21.0.9+10 (21.0.9+10-LTS, mixed mode, sharing, tiered, compressed oops, compressed class ptrs, parallel gc, windows-amd64)
# No core dump will be written. Minidumps are not enabled by default on client versions of Windows
#

---------------  S U M M A R Y ------------

Command Line: --add-modules=ALL-SYSTEM --add-opens=java.base/java.util=ALL-UNNAMED --add-opens=java.base/java.lang=ALL-UNNAMED --add-opens=java.base/sun.nio.fs=ALL-UNNAMED -Declipse.application=org.eclipse.jdt.ls.core.id1 -Dosgi.bundles.defaultStartLevel=4 -Declipse.product=org.eclipse.jdt.ls.core.product -Djava.import.generatesMetadataFilesAtProjectRoot=false -DDetectVMInstallationsJob.disabled=true -Dfile.encoding=utf8 -XX:+UseParallelGC -XX:GCTimeRatio=4 -XX:AdaptiveSizePolicyWeight=90 -Dsun.zip.disableMemoryMapping=true -Xmx2G -Xms100m -Xlog:disable -javaagent:c:\Users\user\.antigravity\extensions\redhat.java-1.52.0-win32-x64\lombok\lombok-1.18.39-4050.jar -XX:+HeapDumpOnOutOfMemoryError -XX:HeapDumpPath=c:\Users\user\AppData\Roaming\Antigravity\User\workspaceStorage\dedddf25d11c4c033419886712cd5840\redhat.java -Daether.dependencyCollector.impl=bf c:\Users\user\.antigravity\extensions\redhat.java-1.52.0-win32-x64\server\plugins\org.eclipse.equinox.launcher_1.7.100.v20251111-0406.jar -configuration c:\Users\user\AppData\Roaming\Antigravity\User\globalStorage\redhat.java\1.52.0\config_win -data c:\Users\user\AppData\Roaming\Antigravity\User\workspaceStorage\dedddf25d11c4c033419886712cd5840\redhat.java\jdt_ws --pipe=\\.\pipe\lsp-65c247f69ee2477c66ca91bfc54eb512-sock

Host: AMD Ryzen 7 4800H with Radeon Graphics         , 16 cores, 15G,  Windows 11 , 64 bit Build 26100 (10.0.26100.7705)
Time: Fri Feb  6 13:06:51 2026 Egypt Standard Time elapsed time: 20.163503 seconds (0d 0h 0m 20s)

---------------  T H R E A D  ---------------

Current thread (0x00000220af9696d0):  JavaThread "C2 CompilerThread0" daemon [_thread_in_native, id=7412, stack(0x000000c672800000,0x000000c672900000) (1024K)]


Current CompileTask:
C2:20163 3302       4       org.eclipse.core.internal.dtree.DataTreeReader::readNode (248 bytes)

Stack: [0x000000c672800000,0x000000c672900000]
Native frames: (J=compiled Java code, j=interpreted, Vv=VM code, C=native code)
V  [jvm.dll+0x6d6e29]
V  [jvm.dll+0x8b4b76]
V  [jvm.dll+0x8b712e]
V  [jvm.dll+0x8b7813]
V  [jvm.dll+0x283d86]
V  [jvm.dll+0xc66ed]
V  [jvm.dll+0xc6c31]
V  [jvm.dll+0x3be501]
V  [jvm.dll+0x1e3d59]
V  [jvm.dll+0x24c0f3]
V  [jvm.dll+0x24b580]
V  [jvm.dll+0x1cb13e]
V  [jvm.dll+0x25b29d]
V  [jvm.dll+0x25982a]
V  [jvm.dll+0x3f7ea6]
V  [jvm.dll+0x85e9ad]
V  [jvm.dll+0x6d565d]
C  [ucrtbase.dll+0x37b0]
C  [KERNEL32.DLL+0x2e8d7]
C  [ntdll.dll+0x8c40c]


---------------  P R O C E S S  ---------------

Threads class SMR info:
_java_thread_list=0x000002210e436400, length=24, elements={
0x00000220ad5ca880, 0x00000220af85dd00, 0x00000220af951ce0, 0x00000220af95a7b0,
0x00000220af95d310, 0x00000220af95ed70, 0x00000220af960330, 0x00000220af9696d0,
0x00000221086ecf70, 0x00000221089a03a0, 0x000002210e0118c0, 0x000002210ec9ed00,
0x000002210e8c2460, 0x000002210e905980, 0x000002210e9063b0, 0x000002210eef5e80,
0x000002210eeb4760, 0x000002210f2726a0, 0x000002210f3bdb10, 0x0000022108978e70,
0x000002210e632040, 0x0000022108745bb0, 0x000002210f5af440, 0x000002210f2ea7d0
}

Java Threads: ( => current thread )
  0x00000220ad5ca880 JavaThread "main"                              [_thread_blocked, id=9780, stack(0x000000c671e00000,0x000000c671f00000) (1024K)]
  0x00000220af85dd00 JavaThread "Reference Handler"          daemon [_thread_blocked, id=10816, stack(0x000000c672200000,0x000000c672300000) (1024K)]
  0x00000220af951ce0 JavaThread "Finalizer"                  daemon [_thread_blocked, id=11572, stack(0x000000c672300000,0x000000c672400000) (1024K)]
  0x00000220af95a7b0 JavaThread "Signal Dispatcher"          daemon [_thread_blocked, id=20808, stack(0x000000c672400000,0x000000c672500000) (1024K)]
  0x00000220af95d310 JavaThread "Attach Listener"            daemon [_thread_blocked, id=3268, stack(0x000000c672500000,0x000000c672600000) (1024K)]
  0x00000220af95ed70 JavaThread "Service Thread"             daemon [_thread_blocked, id=20568, stack(0x000000c672600000,0x000000c672700000) (1024K)]
  0x00000220af960330 JavaThread "Monitor Deflation Thread"   daemon [_thread_blocked, id=10764, stack(0x000000c672700000,0x000000c672800000) (1024K)]
=>0x00000220af9696d0 JavaThread "C2 CompilerThread0"         daemon [_thread_in_native, id=7412, stack(0x000000c672800000,0x000000c672900000) (1024K)]
  0x00000221086ecf70 JavaThread "C1 CompilerThread0"         daemon [_thread_blocked, id=16444, stack(0x000000c672900000,0x000000c672a00000) (1024K)]
  0x00000221089a03a0 JavaThread "Common-Cleaner"             daemon [_thread_blocked, id=25648, stack(0x000000c672b00000,0x000000c672c00000) (1024K)]
  0x000002210e0118c0 JavaThread "Notification Thread"        daemon [_thread_blocked, id=9284, stack(0x000000c672e00000,0x000000c672f00000) (1024K)]
  0x000002210ec9ed00 JavaThread "Active Thread: Equinox Container: 5a9a2394-65ac-4861-94cd-bb2df3015160"        [_thread_blocked, id=13788, stack(0x000000c673800000,0x000000c673900000) (1024K)]
  0x000002210e8c2460 JavaThread "Refresh Thread: Equinox Container: 5a9a2394-65ac-4861-94cd-bb2df3015160" daemon [_thread_blocked, id=20216, stack(0x000000c673700000,0x000000c673800000) (1024K)]
  0x000002210e905980 JavaThread "Framework Event Dispatcher: Equinox Container: 5a9a2394-65ac-4861-94cd-bb2df3015160" daemon [_thread_blocked, id=25216, stack(0x000000c673900000,0x000000c673a00000) (1024K)]
  0x000002210e9063b0 JavaThread "Start Level: Equinox Container: 5a9a2394-65ac-4861-94cd-bb2df3015160" daemon [_thread_in_native, id=25188, stack(0x000000c673a00000,0x000000c673b00000) (1024K)]
  0x000002210eef5e80 JavaThread "Bundle File Closer"         daemon [_thread_blocked, id=27300, stack(0x000000c673f00000,0x000000c674000000) (1024K)]
  0x000002210eeb4760 JavaThread "SCR Component Actor"        daemon [_thread_blocked, id=7112, stack(0x000000c672f00000,0x000000c673000000) (1024K)]
  0x000002210f2726a0 JavaThread "Worker-JM"                         [_thread_blocked, id=28756, stack(0x000000c674200000,0x000000c674300000) (1024K)]
  0x000002210f3bdb10 JavaThread "C1 CompilerThread1"         daemon [_thread_blocked, id=13240, stack(0x000000c672a00000,0x000000c672b00000) (1024K)]
  0x0000022108978e70 JavaThread "C2 CompilerThread1"         daemon [_thread_in_native, id=11752, stack(0x000000c672c00000,0x000000c672d00000) (1024K)]
  0x000002210e632040 JavaThread "C2 CompilerThread2"         daemon [_thread_in_native, id=13992, stack(0x000000c672d00000,0x000000c672e00000) (1024K)]
  0x0000022108745bb0 JavaThread "C2 CompilerThread3"         daemon [_thread_in_native, id=11496, stack(0x000000c674100000,0x000000c674200000) (1024K)]
  0x000002210f5af440 JavaThread "C2 CompilerThread4"         daemon [_thread_in_native, id=25564, stack(0x000000c674300000,0x000000c674400000) (1024K)]
  0x000002210f2ea7d0 JavaThread "C1 CompilerThread2"         daemon [_thread_blocked, id=11732, stack(0x000000c674400000,0x000000c674500000) (1024K)]
Total: 24

Other Threads:
  0x00000220af94eaa0 VMThread "VM Thread"                           [id=28904, stack(0x000000c672100000,0x000000c672200000) (1024K)]
  0x00000220af73ca00 WatcherThread "VM Periodic Task Thread"        [id=13100, stack(0x000000c672000000,0x000000c672100000) (1024K)]
  0x00000220af8cb6b0 WorkerThread "GC Thread#0"                     [id=12936, stack(0x000000c671f00000,0x000000c672000000) (1024K)]
  0x000002210e7b72d0 WorkerThread "GC Thread#1"                     [id=27872, stack(0x000000c673100000,0x000000c673200000) (1024K)]
  0x000002210e58c8e0 WorkerThread "GC Thread#2"                     [id=11412, stack(0x000000c673200000,0x000000c673300000) (1024K)]
  0x000002210e58cc80 WorkerThread "GC Thread#3"                     [id=5336, stack(0x000000c673300000,0x000000c673400000) (1024K)]
  0x000002210e7b7670 WorkerThread "GC Thread#4"                     [id=20916, stack(0x000000c673400000,0x000000c673500000) (1024K)]
  0x000002210e35c290 WorkerThread "GC Thread#5"                     [id=27244, stack(0x000000c673500000,0x000000c673600000) (1024K)]
  0x000002210e35c630 WorkerThread "GC Thread#6"                     [id=9476, stack(0x000000c673600000,0x000000c673700000) (1024K)]
  0x000002210e8c8490 WorkerThread "GC Thread#7"                     [id=3296, stack(0x000000c673000000,0x000000c673100000) (1024K)]
  0x000002210edd2050 WorkerThread "GC Thread#8"                     [id=27064, stack(0x000000c673c00000,0x000000c673d00000) (1024K)]
  0x000002210ea2be00 WorkerThread "GC Thread#9"                     [id=11268, stack(0x000000c673d00000,0x000000c673e00000) (1024K)]
  0x000002210ea2c1a0 WorkerThread "GC Thread#10"                    [id=28116, stack(0x000000c673e00000,0x000000c673f00000) (1024K)]
  0x000002210ea2c540 WorkerThread "GC Thread#11"                    [id=20656, stack(0x000000c673b00000,0x000000c673c00000) (1024K)]
  0x000002210ea2c8e0 WorkerThread "GC Thread#12"                    [id=21964, stack(0x000000c674000000,0x000000c674100000) (1024K)]
Total: 15

Threads with active compile tasks:
C2 CompilerThread0  21234 3302       4       org.eclipse.core.internal.dtree.DataTreeReader::readNode (248 bytes)
C2 CompilerThread1  21234 3375       4       java.io.DataInputStream::readUTF (501 bytes)
C2 CompilerThread2  21234 3402       4       jdk.internal.util.ArraysSupport::mismatch (73 bytes)
C2 CompilerThread3  21234 3364 %     4       java.io.WinNTFileSystem::normalize @ 22 (143 bytes)
C2 CompilerThread4  21234 3397       4       org.eclipse.core.internal.resources.MarkerReader_3::readAttributes (145 bytes)
Total: 5

VM state: not at safepoint (normal execution)

VM Mutex/Monitor currently owned by a thread: None

Heap address: 0x0000000080000000, size: 2048 MB, Compressed Oops mode: 32-bit

CDS archive(s) mapped at: [0x00000220c7000000-0x00000220c7ba0000-0x00000220c7ba0000), size 12189696, SharedBaseAddress: 0x00000220c7000000, ArchiveRelocationMode: 1.
Compressed class space mapped at: 0x00000220c8000000-0x0000022108000000, reserved size: 1073741824
Narrow klass base: 0x00000220c7000000, Narrow klass shift: 0, Narrow klass range: 0x100000000

GC Precious Log:
 CardTable entry size: 512
 CPUs: 16 total, 16 available
 Memory: 15791M
 Large Page Support: Disabled
 NUMA Support: Disabled
 Compressed Oops: Enabled (32-bit)
 Alignments: Space 512K, Generation 512K, Heap 2M
 Heap Min Capacity: 100M
 Heap Initial Capacity: 100M
 Heap Max Capacity: 2G
 Pre-touch: Disabled
 Parallel Workers: 13

Heap:
 PSYoungGen      total 29184K, used 18012K [0x00000000d5580000, 0x00000000d7900000, 0x0000000100000000)
  eden space 25088K, 55% used [0x00000000d5580000,0x00000000d631aef0,0x00000000d6e00000)
  from space 4096K, 99% used [0x00000000d6e80000,0x00000000d727c1a0,0x00000000d7280000)
  to   space 5632K, 0% used [0x00000000d7380000,0x00000000d7380000,0x00000000d7900000)
 ParOldGen       total 68608K, used 39647K [0x0000000080000000, 0x0000000084300000, 0x00000000d5580000)
  object space 68608K, 57% used [0x0000000080000000,0x00000000826b7d98,0x0000000084300000)
 Metaspace       used 15750K, committed 16384K, reserved 1114112K
  class space    used 1620K, committed 1920K, reserved 1048576K

Card table byte_map: [0x00000220af250000,0x00000220af660000] _byte_map_base: 0x00000220aee50000

Marking Bits: (ParMarkBitMap*) 0x00007ffdb5f52460
 Begin Bits: [0x00000220c1d60000, 0x00000220c3d60000)
 End Bits:   [0x00000220c3d60000, 0x00000220c5d60000)

Polling page: 0x00000220ad720000

Metaspace:

Usage:
  Non-class:     13.80 MB used.
      Class:      1.58 MB used.
       Both:     15.38 MB used.

Virtual space:
  Non-class space:       64.00 MB reserved,      14.12 MB ( 22%) committed,  1 nodes.
      Class space:        1.00 GB reserved,       1.88 MB ( <1%) committed,  1 nodes.
             Both:        1.06 GB reserved,      16.00 MB (  1%) committed. 

Chunk freelists:
   Non-Class:  1.48 MB
       Class:  13.98 MB
        Both:  15.47 MB

MaxMetaspaceSize: unlimited
CompressedClassSpaceSize: 1.00 GB
Initial GC threshold: 21.00 MB
Current GC threshold: 21.00 MB
CDS: on
 - commit_granule_bytes: 65536.
 - commit_granule_words: 8192.
 - virtual_space_node_default_size: 8388608.
 - enlarge_chunks_in_place: 1.
 - use_allocation_guard: 0.


Internal statistics:

num_allocs_failed_limit: 0.
num_arena_births: 444.
num_arena_deaths: 0.
num_vsnodes_births: 2.
num_vsnodes_deaths: 0.
num_space_committed: 256.
num_space_uncommitted: 0.
num_chunks_returned_to_freelist: 0.
num_chunks_taken_from_freelist: 983.
num_chunk_merges: 0.
num_chunk_splits: 622.
num_chunks_enlarged: 401.
num_inconsistent_stats: 0.

CodeHeap 'non-profiled nmethods': size=119168Kb used=1451Kb max_used=1451Kb free=117717Kb
 bounds [0x00000220ba650000, 0x00000220ba8c0000, 0x00000220c1ab0000]
CodeHeap 'profiled nmethods': size=119104Kb used=6987Kb max_used=6987Kb free=112116Kb
 bounds [0x00000220b2ab0000, 0x00000220b3190000, 0x00000220b9f00000]
CodeHeap 'non-nmethods': size=7488Kb used=2390Kb max_used=2979Kb free=5097Kb
 bounds [0x00000220b9f00000, 0x00000220ba1f0000, 0x00000220ba650000]
CodeCache: size=245760Kb, used=10828Kb, max_used=11417Kb, free=234930Kb
 total_blobs=3929, nmethods=3390, adapters=443, full_count=0
Compilation: enabled, stopped_count=0, restarted_count=0

Compilation events (20 events):
Event: 17.925 Thread 0x00000221086ecf70 nmethod 3355 0x00000220b316dc10 code [0x00000220b316de80, 0x00000220b316e890]
Event: 17.933 Thread 0x00000221086ecf70 3357       3       java.lang.invoke.DirectMethodHandle$Holder::invokeStatic (14 bytes)
Event: 17.933 Thread 0x00000221086ecf70 nmethod 3357 0x00000220b316ed10 code [0x00000220b316eee0, 0x00000220b316f3e8]
Event: 17.952 Thread 0x00000221086ecf70 3358       3       java.lang.invoke.DirectMethodHandle$Holder::invokeStatic (17 bytes)
Event: 17.952 Thread 0x000002210f3bdb10 3359       3       java.lang.invoke.LambdaForm$MH/0x00000220c8017800::invoke (32 bytes)
Event: 17.952 Thread 0x00000221086ecf70 nmethod 3358 0x00000220b316f510 code [0x00000220b316f6e0, 0x00000220b316fb88]
Event: 17.952 Thread 0x00000221086ecf70 3360       3       java.lang.invoke.DirectMethodHandle$Holder::invokeStatic (21 bytes)
Event: 17.952 Thread 0x000002210f3bdb10 nmethod 3359 0x00000220b316fc90 code [0x00000220b316fe60, 0x00000220b3170320]
Event: 17.952 Thread 0x000002210f3bdb10 3361       3       java.lang.StringConcatHelper::prepend (22 bytes)
Event: 17.952 Thread 0x00000221086ecf70 nmethod 3360 0x00000220b3170490 code [0x00000220b3170660, 0x00000220b3170b40]
Event: 17.952 Thread 0x000002210f3bdb10 nmethod 3361 0x00000220b3170c90 code [0x00000220b3170e40, 0x00000220b3170fc8]
Event: 17.996 Thread 0x000002210f3bdb10 3362       3       org.eclipse.core.internal.dtree.AbstractDataTreeNode::indexOfChild (75 bytes)
Event: 17.996 Thread 0x000002210f3bdb10 nmethod 3362 0x00000220b3171090 code [0x00000220b3171260, 0x00000220b31715b0]
Event: 18.029 Thread 0x00000221086ecf70 3363       3       org.eclipse.core.runtime.Assert::isLegal (15 bytes)
Event: 18.029 Thread 0x00000221086ecf70 nmethod 3363 0x00000220b3171790 code [0x00000220b3171940, 0x00000220b3171b28]
Event: 18.068 Thread 0x000002210f3bdb10 3365       1       org.eclipse.core.internal.resources.Workspace::getMetaArea (5 bytes)
Event: 18.099 Thread 0x00000221086ecf70 3366       3       org.eclipse.core.internal.dtree.AbstractDataTreeNode::childAtOrNull (21 bytes)
Event: 19.116 Thread 0x000002210f3bdb10 nmethod 3365 0x00000220ba7b6190 code [0x00000220ba7b6320, 0x00000220ba7b63e8]
Event: 19.116 Thread 0x00000221086ecf70 nmethod 3366 0x00000220b3171c10 code [0x00000220b3171dc0, 0x00000220b3172030]
Event: 19.116 Thread 0x00000221086ecf70 3380       3       org.eclipse.core.internal.resources.MarkerReader_3::readAttributes (145 bytes)

GC Heap History (14 events):
Event: 1.716 GC heap before
{Heap before GC invocations=1 (full 0):
 PSYoungGen      total 29696K, used 25600K [0x00000000d5580000, 0x00000000d7680000, 0x0000000100000000)
  eden space 25600K, 100% used [0x00000000d5580000,0x00000000d6e80000,0x00000000d6e80000)
  from space 4096K, 0% used [0x00000000d7280000,0x00000000d7280000,0x00000000d7680000)
  to   space 4096K, 0% used [0x00000000d6e80000,0x00000000d6e80000,0x00000000d7280000)
 ParOldGen       total 68608K, used 0K [0x0000000080000000, 0x0000000084300000, 0x00000000d5580000)
  object space 68608K, 0% used [0x0000000080000000,0x0000000080000000,0x0000000084300000)
 Metaspace       used 4135K, committed 4416K, reserved 1114112K
  class space    used 452K, committed 576K, reserved 1048576K
}
Event: 1.725 GC heap after
{Heap after GC invocations=1 (full 0):
 PSYoungGen      total 29696K, used 3675K [0x00000000d5580000, 0x00000000d7680000, 0x0000000100000000)
  eden space 25600K, 0% used [0x00000000d5580000,0x00000000d5580000,0x00000000d6e80000)
  from space 4096K, 89% used [0x00000000d6e80000,0x00000000d7216fe0,0x00000000d7280000)
  to   space 4096K, 0% used [0x00000000d7280000,0x00000000d7280000,0x00000000d7680000)
 ParOldGen       total 68608K, used 16K [0x0000000080000000, 0x0000000084300000, 0x00000000d5580000)
  object space 68608K, 0% used [0x0000000080000000,0x0000000080004000,0x0000000084300000)
 Metaspace       used 4135K, committed 4416K, reserved 1114112K
  class space    used 452K, committed 576K, reserved 1048576K
}
Event: 3.987 GC heap before
{Heap before GC invocations=2 (full 0):
 PSYoungGen      total 29696K, used 29275K [0x00000000d5580000, 0x00000000d7680000, 0x0000000100000000)
  eden space 25600K, 100% used [0x00000000d5580000,0x00000000d6e80000,0x00000000d6e80000)
  from space 4096K, 89% used [0x00000000d6e80000,0x00000000d7216fe0,0x00000000d7280000)
  to   space 4096K, 0% used [0x00000000d7280000,0x00000000d7280000,0x00000000d7680000)
 ParOldGen       total 68608K, used 16K [0x0000000080000000, 0x0000000084300000, 0x00000000d5580000)
  object space 68608K, 0% used [0x0000000080000000,0x0000000080004000,0x0000000084300000)
 Metaspace       used 7803K, committed 8128K, reserved 1114112K
  class space    used 808K, committed 960K, reserved 1048576K
}
Event: 3.997 GC heap after
{Heap after GC invocations=2 (full 0):
 PSYoungGen      total 29696K, used 4092K [0x00000000d5580000, 0x00000000d7680000, 0x0000000100000000)
  eden space 25600K, 0% used [0x00000000d5580000,0x00000000d5580000,0x00000000d6e80000)
  from space 4096K, 99% used [0x00000000d7280000,0x00000000d767f1c0,0x00000000d7680000)
  to   space 4096K, 0% used [0x00000000d6e80000,0x00000000d6e80000,0x00000000d7280000)
 ParOldGen       total 68608K, used 1953K [0x0000000080000000, 0x0000000084300000, 0x00000000d5580000)
  object space 68608K, 2% used [0x0000000080000000,0x00000000801e86a8,0x0000000084300000)
 Metaspace       used 7803K, committed 8128K, reserved 1114112K
  class space    used 808K, committed 960K, reserved 1048576K
}
Event: 4.652 GC heap before
{Heap before GC invocations=3 (full 0):
 PSYoungGen      total 29696K, used 29692K [0x00000000d5580000, 0x00000000d7680000, 0x0000000100000000)
  eden space 25600K, 100% used [0x00000000d5580000,0x00000000d6e80000,0x00000000d6e80000)
  from space 4096K, 99% used [0x00000000d7280000,0x00000000d767f1c0,0x00000000d7680000)
  to   space 4096K, 0% used [0x00000000d6e80000,0x00000000d6e80000,0x00000000d7280000)
 ParOldGen       total 68608K, used 1953K [0x0000000080000000, 0x0000000084300000, 0x00000000d5580000)
  object space 68608K, 2% used [0x0000000080000000,0x00000000801e86a8,0x0000000084300000)
 Metaspace       used 9501K, committed 9792K, reserved 1114112K
  class space    used 1009K, committed 1152K, reserved 1048576K
}
Event: 4.657 GC heap after
{Heap after GC invocations=3 (full 0):
 PSYoungGen      total 29696K, used 4066K [0x00000000d5580000, 0x00000000d7680000, 0x0000000100000000)
  eden space 25600K, 0% used [0x00000000d5580000,0x00000000d5580000,0x00000000d6e80000)
  from space 4096K, 99% used [0x00000000d6e80000,0x00000000d7278800,0x00000000d7280000)
  to   space 4096K, 0% used [0x00000000d7280000,0x00000000d7280000,0x00000000d7680000)
 ParOldGen       total 68608K, used 4232K [0x0000000080000000, 0x0000000084300000, 0x00000000d5580000)
  object space 68608K, 6% used [0x0000000080000000,0x0000000080422228,0x0000000084300000)
 Metaspace       used 9501K, committed 9792K, reserved 1114112K
  class space    used 1009K, committed 1152K, reserved 1048576K
}
Event: 5.548 GC heap before
{Heap before GC invocations=4 (full 0):
 PSYoungGen      total 29696K, used 29666K [0x00000000d5580000, 0x00000000d7680000, 0x0000000100000000)
  eden space 25600K, 100% used [0x00000000d5580000,0x00000000d6e80000,0x00000000d6e80000)
  from space 4096K, 99% used [0x00000000d6e80000,0x00000000d7278800,0x00000000d7280000)
  to   space 4096K, 0% used [0x00000000d7280000,0x00000000d7280000,0x00000000d7680000)
 ParOldGen       total 68608K, used 4232K [0x0000000080000000, 0x0000000084300000, 0x00000000d5580000)
  object space 68608K, 6% used [0x0000000080000000,0x0000000080422228,0x0000000084300000)
 Metaspace       used 11453K, committed 11840K, reserved 1114112K
  class space    used 1199K, committed 1344K, reserved 1048576K
}
Event: 5.553 GC heap after
{Heap after GC invocations=4 (full 0):
 PSYoungGen      total 29696K, used 4066K [0x00000000d5580000, 0x00000000d7680000, 0x0000000100000000)
  eden space 25600K, 0% used [0x00000000d5580000,0x00000000d5580000,0x00000000d6e80000)
  from space 4096K, 99% used [0x00000000d7280000,0x00000000d7678b28,0x00000000d7680000)
  to   space 4096K, 0% used [0x00000000d6e80000,0x00000000d6e80000,0x00000000d7280000)
 ParOldGen       total 68608K, used 6626K [0x0000000080000000, 0x0000000084300000, 0x00000000d5580000)
  object space 68608K, 9% used [0x0000000080000000,0x0000000080678af0,0x0000000084300000)
 Metaspace       used 11453K, committed 11840K, reserved 1114112K
  class space    used 1199K, committed 1344K, reserved 1048576K
}
Event: 6.353 GC heap before
{Heap before GC invocations=5 (full 0):
 PSYoungGen      total 29696K, used 29666K [0x00000000d5580000, 0x00000000d7680000, 0x0000000100000000)
  eden space 25600K, 100% used [0x00000000d5580000,0x00000000d6e80000,0x00000000d6e80000)
  from space 4096K, 99% used [0x00000000d7280000,0x00000000d7678b28,0x00000000d7680000)
  to   space 4096K, 0% used [0x00000000d6e80000,0x00000000d6e80000,0x00000000d7280000)
 ParOldGen       total 68608K, used 6626K [0x0000000080000000, 0x0000000084300000, 0x00000000d5580000)
  object space 68608K, 9% used [0x0000000080000000,0x0000000080678af0,0x0000000084300000)
 Metaspace       used 15356K, committed 15936K, reserved 1114112K
  class space    used 1584K, committed 1856K, reserved 1048576K
}
Event: 6.377 GC heap after
{Heap after GC invocations=5 (full 0):
 PSYoungGen      total 29184K, used 4080K [0x00000000d5580000, 0x00000000d7900000, 0x0000000100000000)
  eden space 25088K, 0% used [0x00000000d5580000,0x00000000d5580000,0x00000000d6e00000)
  from space 4096K, 99% used [0x00000000d6e80000,0x00000000d727c1d0,0x00000000d7280000)
  to   space 5632K, 0% used [0x00000000d7380000,0x00000000d7380000,0x00000000d7900000)
 ParOldGen       total 68608K, used 7635K [0x0000000080000000, 0x0000000084300000, 0x00000000d5580000)
  object space 68608K, 11% used [0x0000000080000000,0x0000000080774e10,0x0000000084300000)
 Metaspace       used 15356K, committed 15936K, reserved 1114112K
  class space    used 1584K, committed 1856K, reserved 1048576K
}
Event: 6.613 GC heap before
{Heap before GC invocations=6 (full 0):
 PSYoungGen      total 29184K, used 29168K [0x00000000d5580000, 0x00000000d7900000, 0x0000000100000000)
  eden space 25088K, 100% used [0x00000000d5580000,0x00000000d6e00000,0x00000000d6e00000)
  from space 4096K, 99% used [0x00000000d6e80000,0x00000000d727c1d0,0x00000000d7280000)
  to   space 5632K, 0% used [0x00000000d7380000,0x00000000d7380000,0x00000000d7900000)
 ParOldGen       total 68608K, used 7635K [0x0000000080000000, 0x0000000084300000, 0x00000000d5580000)
  object space 68608K, 11% used [0x0000000080000000,0x0000000080774e10,0x0000000084300000)
 Metaspace       used 15649K, committed 16256K, reserved 1114112K
  class space    used 1609K, committed 1856K, reserved 1048576K
}
Event: 8.628 GC heap after
{Heap after GC invocations=6 (full 0):
 PSYoungGen      total 30720K, used 5607K [0x00000000d5580000, 0x00000000d7900000, 0x0000000100000000)
  eden space 25088K, 0% used [0x00000000d5580000,0x00000000d5580000,0x00000000d6e00000)
  from space 5632K, 99% used [0x00000000d7380000,0x00000000d78f9da0,0x00000000d7900000)
  to   space 4096K, 0% used [0x00000000d6e80000,0x00000000d6e80000,0x00000000d7280000)
 ParOldGen       total 68608K, used 21731K [0x0000000080000000, 0x0000000084300000, 0x00000000d5580000)
  object space 68608K, 31% used [0x0000000080000000,0x0000000081538e10,0x0000000084300000)
 Metaspace       used 15649K, committed 16256K, reserved 1114112K
  class space    used 1609K, committed 1856K, reserved 1048576K
}
Event: 11.767 GC heap before
{Heap before GC invocations=7 (full 0):
 PSYoungGen      total 30720K, used 30695K [0x00000000d5580000, 0x00000000d7900000, 0x0000000100000000)
  eden space 25088K, 100% used [0x00000000d5580000,0x00000000d6e00000,0x00000000d6e00000)
  from space 5632K, 99% used [0x00000000d7380000,0x00000000d78f9da0,0x00000000d7900000)
  to   space 4096K, 0% used [0x00000000d6e80000,0x00000000d6e80000,0x00000000d7280000)
 ParOldGen       total 68608K, used 21731K [0x0000000080000000, 0x0000000084300000, 0x00000000d5580000)
  object space 68608K, 31% used [0x0000000080000000,0x0000000081538e10,0x0000000084300000)
 Metaspace       used 15653K, committed 16256K, reserved 1114112K
  class space    used 1609K, committed 1856K, reserved 1048576K
}
Event: 13.791 GC heap after
{Heap after GC invocations=7 (full 0):
 PSYoungGen      total 29184K, used 4080K [0x00000000d5580000, 0x00000000d7900000, 0x0000000100000000)
  eden space 25088K, 0% used [0x00000000d5580000,0x00000000d5580000,0x00000000d6e00000)
  from space 4096K, 99% used [0x00000000d6e80000,0x00000000d727c1a0,0x00000000d7280000)
  to   space 5632K, 0% used [0x00000000d7380000,0x00000000d7380000,0x00000000d7900000)
 ParOldGen       total 68608K, used 39647K [0x0000000080000000, 0x0000000084300000, 0x00000000d5580000)
  object space 68608K, 57% used [0x0000000080000000,0x00000000826b7d98,0x0000000084300000)
 Metaspace       used 15653K, committed 16256K, reserved 1114112K
  class space    used 1609K, committed 1856K, reserved 1048576K
}

Dll operation events (9 events):
Event: 0.020 Loaded shared library c:\Users\user\.antigravity\extensions\redhat.java-1.52.0-win32-x64\jre\21.0.9-win32-x86_64\bin\java.dll
Event: 0.165 Loaded shared library c:\Users\user\.antigravity\extensions\redhat.java-1.52.0-win32-x64\jre\21.0.9-win32-x86_64\bin\zip.dll
Event: 0.203 Loaded shared library C:\Users\user\.antigravity\extensions\redhat.java-1.52.0-win32-x64\jre\21.0.9-win32-x86_64\bin\instrument.dll
Event: 0.213 Loaded shared library C:\Users\user\.antigravity\extensions\redhat.java-1.52.0-win32-x64\jre\21.0.9-win32-x86_64\bin\net.dll
Event: 0.217 Loaded shared library C:\Users\user\.antigravity\extensions\redhat.java-1.52.0-win32-x64\jre\21.0.9-win32-x86_64\bin\nio.dll
Event: 0.224 Loaded shared library C:\Users\user\.antigravity\extensions\redhat.java-1.52.0-win32-x64\jre\21.0.9-win32-x86_64\bin\zip.dll
Event: 0.263 Loaded shared library C:\Users\user\.antigravity\extensions\redhat.java-1.52.0-win32-x64\jre\21.0.9-win32-x86_64\bin\jimage.dll
Event: 0.405 Loaded shared library c:\Users\user\.antigravity\extensions\redhat.java-1.52.0-win32-x64\jre\21.0.9-win32-x86_64\bin\verify.dll
Event: 4.231 Loaded shared library C:\Users\user\AppData\Roaming\Antigravity\User\globalStorage\redhat.java\1.52.0\config_win\org.eclipse.equinox.launcher\org.eclipse.equinox.launcher.win32.win32.x86_64_1.2.1500.v20260121-1430\eclipse_11919.dll

Deoptimization events (20 events):
Event: 18.299 Thread 0x000002210e9063b0 DEOPT PACKING pc=0x00000220b316987d sp=0x000000c673af9320
Event: 18.299 Thread 0x000002210e9063b0 DEOPT UNPACKING pc=0x00000220b9f54242 sp=0x000000c673af8818 mode 0
Event: 18.302 Thread 0x000002210e9063b0 DEOPT PACKING pc=0x00000220b316987d sp=0x000000c673af9410
Event: 18.302 Thread 0x000002210e9063b0 DEOPT UNPACKING pc=0x00000220b9f54242 sp=0x000000c673af8908 mode 0
Event: 18.304 Thread 0x000002210e9063b0 DEOPT PACKING pc=0x00000220b316987d sp=0x000000c673af95b0
Event: 18.304 Thread 0x000002210e9063b0 DEOPT UNPACKING pc=0x00000220b9f54242 sp=0x000000c673af8aa8 mode 0
Event: 18.306 Thread 0x000002210e9063b0 DEOPT PACKING pc=0x00000220b316987d sp=0x000000c673af9410
Event: 18.306 Thread 0x000002210e9063b0 DEOPT UNPACKING pc=0x00000220b9f54242 sp=0x000000c673af8908 mode 0
Event: 19.117 Thread 0x000002210e9063b0 DEOPT PACKING pc=0x00000220b316987d sp=0x000000c673af9520
Event: 19.117 Thread 0x000002210e9063b0 DEOPT UNPACKING pc=0x00000220b9f54242 sp=0x000000c673af8a18 mode 0
Event: 19.120 Thread 0x000002210e9063b0 DEOPT PACKING pc=0x00000220b316987d sp=0x000000c673af9320
Event: 19.120 Thread 0x000002210e9063b0 DEOPT UNPACKING pc=0x00000220b9f54242 sp=0x000000c673af8818 mode 0
Event: 19.122 Thread 0x000002210e9063b0 DEOPT PACKING pc=0x00000220b316987d sp=0x000000c673af9320
Event: 19.122 Thread 0x000002210e9063b0 DEOPT UNPACKING pc=0x00000220b9f54242 sp=0x000000c673af8818 mode 0
Event: 19.124 Thread 0x000002210e9063b0 DEOPT PACKING pc=0x00000220b316987d sp=0x000000c673af9320
Event: 19.124 Thread 0x000002210e9063b0 DEOPT UNPACKING pc=0x00000220b9f54242 sp=0x000000c673af8818 mode 0
Event: 19.127 Thread 0x000002210e9063b0 DEOPT PACKING pc=0x00000220b316987d sp=0x000000c673af9410
Event: 19.127 Thread 0x000002210e9063b0 DEOPT UNPACKING pc=0x00000220b9f54242 sp=0x000000c673af8908 mode 0
Event: 19.129 Thread 0x000002210e9063b0 DEOPT PACKING pc=0x00000220b316987d sp=0x000000c673af9410
Event: 19.129 Thread 0x000002210e9063b0 DEOPT UNPACKING pc=0x00000220b9f54242 sp=0x000000c673af8908 mode 0

Classes loaded (20 events):
Event: 6.294 Loading class java/text/FieldPosition$Delegate
Event: 6.294 Loading class java/text/FieldPosition$Delegate done
Event: 6.295 Loading class java/text/MessageFormat$Field
Event: 6.295 Loading class java/text/MessageFormat$Field done
Event: 6.347 Loading class java/util/stream/SortedOps
Event: 6.347 Loading class java/util/stream/SortedOps done
Event: 6.347 Loading class java/util/stream/SortedOps$OfRef
Event: 6.347 Loading class java/util/stream/ReferencePipeline$StatefulOp
Event: 6.347 Loading class java/util/stream/ReferencePipeline$StatefulOp done
Event: 6.347 Loading class java/util/stream/SortedOps$OfRef done
Event: 6.348 Loading class java/util/stream/SortedOps$RefSortingSink
Event: 6.348 Loading class java/util/stream/SortedOps$AbstractRefSortingSink
Event: 6.348 Loading class java/util/stream/SortedOps$AbstractRefSortingSink done
Event: 6.348 Loading class java/util/stream/SortedOps$RefSortingSink done
Event: 6.384 Loading class java/util/zip/ZipOutputStream
Event: 6.384 Loading class java/util/zip/DeflaterOutputStream
Event: 6.384 Loading class java/util/zip/DeflaterOutputStream done
Event: 6.384 Loading class java/util/zip/ZipOutputStream done
Event: 14.810 Loading class java/io/FilenameFilter
Event: 14.810 Loading class java/io/FilenameFilter done

Classes unloaded (0 events):
No events

Classes redefined (0 events):
No events

Internal exceptions (20 events):
Event: 4.220 Thread 0x00000220ad5ca880 Exception <a 'java/lang/UnsatisfiedLinkError'{0x00000000d58a0300}: 'void org.eclipse.equinox.launcher.JNIBridge._update_splash()'> (0x00000000d58a0300) 
thrown [s\src\hotspot\share\prims\nativeLookup.cpp, line 415]
Event: 4.276 Thread 0x000002210e8c2460 Exception <a 'java/lang/NoSuchMethodError'{0x00000000d5b20b00}: 'void java.lang.invoke.DirectMethodHandle$Holder.invokeInterface(java.lang.Object, java.lang.Object, java.lang.Object)'> (0x00000000d5b20b00) 
thrown [s\src\hotspot\share\interpreter\linkResolver.cpp, line 773]
Event: 4.406 Thread 0x000002210e9063b0 Exception <a 'java/lang/NoSuchMethodError'{0x00000000d5ee4468}: 'java.lang.Object java.lang.invoke.DirectMethodHandle$Holder.newInvokeSpecial(java.lang.Object, java.lang.Object, int, java.lang.Object)'> (0x00000000d5ee4468) 
thrown [s\src\hotspot\share\interpreter\linkResolver.cpp, line 773]
Event: 4.406 Thread 0x000002210e9063b0 Exception <a 'java/lang/NoSuchMethodError'{0x00000000d5ee8298}: 'java.lang.Object java.lang.invoke.DirectMethodHandle$Holder.invokeSpecial(java.lang.Object, java.lang.Object, java.lang.Object, int, java.lang.Object)'> (0x00000000d5ee8298) 
thrown [s\src\hotspot\share\interpreter\linkResolver.cpp, line 773]
Event: 4.421 Thread 0x000002210e9063b0 Exception <a 'java/lang/NoClassDefFoundError'{0x00000000d5f8fc38}: jakarta/servlet/ServletContainerInitializer> (0x00000000d5f8fc38) 
thrown [s\src\hotspot\share\classfile\systemDictionary.cpp, line 301]
Event: 4.441 Thread 0x000002210e9063b0 Exception <a 'java/lang/NoSuchMethodError'{0x00000000d60c4788}: 'java.lang.Object java.lang.invoke.DirectMethodHandle$Holder.invokeStatic(java.lang.Object, int, java.lang.Object)'> (0x00000000d60c4788) 
thrown [s\src\hotspot\share\interpreter\linkResolver.cpp, line 773]
Event: 4.447 Thread 0x000002210e9063b0 Exception <a 'java/lang/ClassNotFoundException'{0x00000000d6149970}: sun/util/logging/resources/spi/loggingProvider> (0x00000000d6149970) 
thrown [s\src\hotspot\share\classfile\systemDictionary.cpp, line 312]
Event: 5.458 Thread 0x000002210e9063b0 Exception <a 'java/lang/NullPointerException'{0x00000000d693f750}> (0x00000000d693f750) 
thrown [s\src\hotspot\share\interpreter\linkResolver.cpp, line 1372]
Event: 5.458 Thread 0x000002210e9063b0 Exception <a 'java/lang/NullPointerException'{0x00000000d693fa30}> (0x00000000d693fa30) 
thrown [s\src\hotspot\share\interpreter\linkResolver.cpp, line 1372]
Event: 5.631 Thread 0x000002210e9063b0 Exception <a 'java/lang/NoSuchMethodError'{0x00000000d5a22920}: 'long java.lang.invoke.DirectMethodHandle$Holder.invokeSpecial(java.lang.Object, java.lang.Object)'> (0x00000000d5a22920) 
thrown [s\src\hotspot\share\interpreter\linkResolver.cpp, line 773]
Event: 5.726 Thread 0x000002210e9063b0 Exception <a 'java/io/FileNotFoundException'{0x00000000d5c7ca00}> (0x00000000d5c7ca00) 
thrown [s\src\hotspot\share\prims\jni.cpp, line 520]
Event: 5.946 Thread 0x000002210e9063b0 Exception <a 'java/lang/NoSuchMethodError'{0x00000000d6183088}: 'java.lang.Object java.lang.invoke.Invokers$Holder.linkToTargetMethod(java.lang.Object, long, java.lang.Object)'> (0x00000000d6183088) 
thrown [s\src\hotspot\share\interpreter\linkResolver.cpp, line 773]
Event: 6.007 Thread 0x000002210e9063b0 Exception <a 'java/lang/NoSuchMethodError'{0x00000000d66b5f18}: 'void java.lang.invoke.Invokers$Holder.invokeExact_MT(java.lang.Object, java.lang.Object, java.lang.Object)'> (0x00000000d66b5f18) 
thrown [s\src\hotspot\share\interpreter\linkResolver.cpp, line 773]
Event: 6.204 Thread 0x000002210e9063b0 Exception <a 'java/lang/NoSuchMethodError'{0x00000000d69bc150}: 'java.lang.Object java.lang.invoke.DirectMethodHandle$Holder.invokeVirtual(java.lang.Object, java.lang.Object, java.lang.Object)'> (0x00000000d69bc150) 
thrown [s\src\hotspot\share\interpreter\linkResolver.cpp, line 773]
Event: 6.206 Thread 0x000002210e9063b0 Exception <a 'java/lang/NoSuchMethodError'{0x00000000d69d4728}: 'java.lang.Object java.lang.invoke.DelegatingMethodHandle$Holder.reinvoke_L(java.lang.Object, java.lang.Object, java.lang.Object, java.lang.Object, int, int)'> (0x00000000d69d4728) 
thrown [s\src\hotspot\share\interpreter\linkResolver.cpp, line 773]
Event: 6.208 Thread 0x000002210e9063b0 Exception <a 'java/lang/NoSuchMethodError'{0x00000000d69f1460}: 'java.lang.Object java.lang.invoke.DirectMethodHandle$Holder.newInvokeSpecial(java.lang.Object, java.lang.Object, java.lang.Object, java.lang.Object, java.lang.Object, java.lang.Object)'> (0x00000000d69f1460) 
thrown [s\src\hotspot\share\interpreter\linkResolver.cpp, line 773]
Event: 6.211 Thread 0x000002210e9063b0 Exception <a 'java/lang/NoSuchMethodError'{0x00000000d6a1d890}: 'void java.lang.invoke.Invokers$Holder.invokeExact_MT(java.lang.Object, java.lang.Object, java.lang.Object, java.lang.Object)'> (0x00000000d6a1d890) 
thrown [s\src\hotspot\share\interpreter\linkResolver.cpp, line 773]
Event: 6.297 Thread 0x000002210e9063b0 Exception <a 'java/io/FileNotFoundException'{0x00000000d6d09b90}> (0x00000000d6d09b90) 
thrown [s\src\hotspot\share\prims\jni.cpp, line 520]
Event: 6.298 Thread 0x000002210e9063b0 Exception <a 'java/io/FileNotFoundException'{0x00000000d6d11668}> (0x00000000d6d11668) 
thrown [s\src\hotspot\share\prims\jni.cpp, line 520]
Event: 14.810 Thread 0x000002210e9063b0 Exception <a 'java/lang/NoSuchMethodError'{0x00000000d5b9fd28}: 'java.lang.Object java.lang.invoke.DirectMethodHandle$Holder.newInvokeSpecial(java.lang.Object, java.lang.Object, java.lang.Object, java.lang.Object, java.lang.Object)'> (0x00000000d5b9fd28) 
thrown [s\src\hotspot\share\interpreter\linkResolver.cpp, line 773]

ZGC Phase Switch (0 events):
No events

VM Operations (20 events):
Event: 4.926 Executing VM operation: HandshakeAllThreads (Deoptimize)
Event: 4.934 Executing VM operation: HandshakeAllThreads (Deoptimize) done
Event: 5.548 Executing VM operation: ParallelGCFailedAllocation (Allocation Failure)
Event: 5.553 Executing VM operation: ParallelGCFailedAllocation (Allocation Failure) done
Event: 5.564 Executing VM operation: HandshakeAllThreads (Deoptimize)
Event: 5.564 Executing VM operation: HandshakeAllThreads (Deoptimize) done
Event: 6.196 Executing VM operation: ICBufferFull
Event: 6.196 Executing VM operation: ICBufferFull done
Event: 6.348 Executing VM operation: HandshakeAllThreads (Deoptimize)
Event: 6.348 Executing VM operation: HandshakeAllThreads (Deoptimize) done
Event: 6.353 Executing VM operation: ParallelGCFailedAllocation (Allocation Failure)
Event: 6.377 Executing VM operation: ParallelGCFailedAllocation (Allocation Failure) done
Event: 6.613 Executing VM operation: ParallelGCFailedAllocation (Allocation Failure)
Event: 8.628 Executing VM operation: ParallelGCFailedAllocation (Allocation Failure) done
Event: 11.767 Executing VM operation: ParallelGCFailedAllocation (Allocation Failure)
Event: 13.791 Executing VM operation: ParallelGCFailedAllocation (Allocation Failure) done
Event: 15.807 Executing VM operation: Cleanup
Event: 15.807 Executing VM operation: Cleanup done
Event: 18.815 Executing VM operation: Cleanup
Event: 19.116 Executing VM operation: Cleanup done

Memory protections (0 events):
No events

Nmethod flushes (0 events):
No events

Events (20 events):
Event: 5.660 Thread 0x00000220af9696d0 Thread added: 0x000002210ef67360
Event: 5.660 Thread 0x00000220af9696d0 Thread added: 0x000002210ef82920
Event: 5.979 Thread 0x000002210e9063b0 Thread added: 0x000002210f2726a0
Event: 6.133 Thread 0x000002210ef82920 Thread exited: 0x000002210ef82920
Event: 6.133 Thread 0x000002210ef67360 Thread exited: 0x000002210ef67360
Event: 6.133 Thread 0x000002210ef668b0 Thread exited: 0x000002210ef668b0
Event: 6.493 Thread 0x00000221086ecf70 Thread added: 0x000002210f3bdb10
Event: 6.523 Thread 0x00000220af9696d0 Thread added: 0x000002210f2ea7d0
Event: 6.523 Thread 0x00000220af9696d0 Thread added: 0x000002210f2eae70
Event: 6.523 Thread 0x00000220af9696d0 Thread added: 0x000002210effe100
Event: 6.523 Thread 0x00000220af9696d0 Thread added: 0x000002210effefb0
Event: 9.697 Thread 0x000002210effefb0 Thread exited: 0x000002210effefb0
Event: 9.697 Thread 0x0000022108979c60 Thread exited: 0x0000022108979c60
Event: 9.697 Thread 0x0000022108978ea0 Thread exited: 0x0000022108978ea0
Event: 11.746 Thread 0x000002210effe100 Thread exited: 0x000002210effe100
Event: 11.746 Thread 0x000002210f2eae70 Thread exited: 0x000002210f2eae70
Event: 11.746 Thread 0x000002210f3bdb10 Thread exited: 0x000002210f3bdb10
Event: 11.746 Thread 0x000002210f2ea7d0 Thread exited: 0x000002210f2ea7d0
Event: 17.847 Thread 0x00000221087e2780 Thread exited: 0x00000221087e2780
Event: 17.894 Thread 0x00000221086ecf70 Thread added: 0x000002210f3bdb10


Dynamic libraries:
0x00007ff688580000 - 0x00007ff68858e000 	c:\Users\user\.antigravity\extensions\redhat.java-1.52.0-win32-x64\jre\21.0.9-win32-x86_64\bin\java.exe
0x00007ffe63c20000 - 0x00007ffe63e88000 	C:\WINDOWS\SYSTEM32\ntdll.dll
0x00007ffe623a0000 - 0x00007ffe62469000 	C:\WINDOWS\System32\KERNEL32.DLL
0x00007ffe61190000 - 0x00007ffe61581000 	C:\WINDOWS\System32\KERNELBASE.dll
0x00007ffe61870000 - 0x00007ffe619bb000 	C:\WINDOWS\System32\ucrtbase.dll
0x00007ffe4fe60000 - 0x00007ffe4fe78000 	c:\Users\user\.antigravity\extensions\redhat.java-1.52.0-win32-x64\jre\21.0.9-win32-x86_64\bin\jli.dll
0x00007ffe62600000 - 0x00007ffe627c6000 	C:\WINDOWS\System32\USER32.dll
0x00007ffe4e250000 - 0x00007ffe4e26e000 	c:\Users\user\.antigravity\extensions\redhat.java-1.52.0-win32-x64\jre\21.0.9-win32-x86_64\bin\VCRUNTIME140.dll
0x00007ffe4cc90000 - 0x00007ffe4cf23000 	C:\WINDOWS\WinSxS\amd64_microsoft.windows.common-controls_6595b64144ccf1df_6.0.26100.7705_none_3e06597ae3363b04\COMCTL32.dll
0x00007ffe61840000 - 0x00007ffe61867000 	C:\WINDOWS\System32\win32u.dll
0x00007ffe62f80000 - 0x00007ffe63029000 	C:\WINDOWS\System32\msvcrt.dll
0x00007ffe624c0000 - 0x00007ffe624eb000 	C:\WINDOWS\System32\GDI32.dll
0x00007ffe60fb0000 - 0x00007ffe610db000 	C:\WINDOWS\System32\gdi32full.dll
0x00007ffe61590000 - 0x00007ffe61633000 	C:\WINDOWS\System32\msvcp_win.dll
0x00007ffe63b90000 - 0x00007ffe63bc1000 	C:\WINDOWS\System32\IMM32.DLL
0x00007ffe5b8e0000 - 0x00007ffe5b8ec000 	c:\Users\user\.antigravity\extensions\redhat.java-1.52.0-win32-x64\jre\21.0.9-win32-x86_64\bin\vcruntime140_1.dll
0x00007ffe29b60000 - 0x00007ffe29bed000 	c:\Users\user\.antigravity\extensions\redhat.java-1.52.0-win32-x64\jre\21.0.9-win32-x86_64\bin\msvcp140.dll
0x00007ffdb5290000 - 0x00007ffdb6030000 	c:\Users\user\.antigravity\extensions\redhat.java-1.52.0-win32-x64\jre\21.0.9-win32-x86_64\bin\server\jvm.dll
0x00007ffe62ec0000 - 0x00007ffe62f74000 	C:\WINDOWS\System32\ADVAPI32.dll
0x00007ffe61d20000 - 0x00007ffe61dc6000 	C:\WINDOWS\System32\sechost.dll
0x00007ffe63a70000 - 0x00007ffe63b88000 	C:\WINDOWS\System32\RPCRT4.dll
0x00007ffe62850000 - 0x00007ffe628c4000 	C:\WINDOWS\System32\WS2_32.dll
0x00007ffe57be0000 - 0x00007ffe57c15000 	C:\WINDOWS\SYSTEM32\WINMM.dll
0x00007ffe601b0000 - 0x00007ffe6020e000 	C:\WINDOWS\SYSTEM32\POWRPROF.dll
0x00007ffe57a90000 - 0x00007ffe57a9b000 	C:\WINDOWS\SYSTEM32\VERSION.dll
0x00007ffe60190000 - 0x00007ffe601a4000 	C:\WINDOWS\SYSTEM32\UMPDC.dll
0x00007ffe5f320000 - 0x00007ffe5f33b000 	C:\WINDOWS\SYSTEM32\kernel.appcore.dll
0x00007ffe58f40000 - 0x00007ffe58f4a000 	c:\Users\user\.antigravity\extensions\redhat.java-1.52.0-win32-x64\jre\21.0.9-win32-x86_64\bin\jimage.dll
0x00007ffe5dff0000 - 0x00007ffe5e232000 	C:\WINDOWS\SYSTEM32\DBGHELP.DLL
0x00007ffe62b30000 - 0x00007ffe62eb6000 	C:\WINDOWS\System32\combase.dll
0x00007ffe624f0000 - 0x00007ffe625c7000 	C:\WINDOWS\System32\OLEAUT32.dll
0x00007ffe2fe50000 - 0x00007ffe2fe8b000 	C:\WINDOWS\SYSTEM32\dbgcore.DLL
0x00007ffe610e0000 - 0x00007ffe61185000 	C:\WINDOWS\System32\bcryptPrimitives.dll
0x00007ffe58ce0000 - 0x00007ffe58cef000 	c:\Users\user\.antigravity\extensions\redhat.java-1.52.0-win32-x64\jre\21.0.9-win32-x86_64\bin\instrument.dll
0x00007ffe4b1f0000 - 0x00007ffe4b210000 	c:\Users\user\.antigravity\extensions\redhat.java-1.52.0-win32-x64\jre\21.0.9-win32-x86_64\bin\java.dll
0x00007ffe63030000 - 0x00007ffe63781000 	C:\WINDOWS\System32\SHELL32.dll
0x00007ffe61640000 - 0x00007ffe617aa000 	C:\WINDOWS\System32\wintypes.dll
0x00007ffe60500000 - 0x00007ffe60d62000 	C:\WINDOWS\System32\windows.storage.dll
0x00007ffe63790000 - 0x00007ffe63886000 	C:\WINDOWS\System32\SHCORE.dll
0x00007ffe63890000 - 0x00007ffe638f7000 	C:\WINDOWS\System32\shlwapi.dll
0x00007ffe60420000 - 0x00007ffe60449000 	C:\WINDOWS\SYSTEM32\profapi.dll
0x00007ffe49980000 - 0x00007ffe49998000 	c:\Users\user\.antigravity\extensions\redhat.java-1.52.0-win32-x64\jre\21.0.9-win32-x86_64\bin\zip.dll
0x00007ffe52ea0000 - 0x00007ffe52eb0000 	C:\Users\user\.antigravity\extensions\redhat.java-1.52.0-win32-x64\jre\21.0.9-win32-x86_64\bin\net.dll
0x00007ffe59f00000 - 0x00007ffe5a027000 	C:\WINDOWS\SYSTEM32\WINHTTP.dll
0x00007ffe5f890000 - 0x00007ffe5f8fb000 	C:\WINDOWS\system32\mswsock.dll
0x00007ffe4bea0000 - 0x00007ffe4beb6000 	C:\Users\user\.antigravity\extensions\redhat.java-1.52.0-win32-x64\jre\21.0.9-win32-x86_64\bin\nio.dll
0x00007ffe4fcc0000 - 0x00007ffe4fcd0000 	c:\Users\user\.antigravity\extensions\redhat.java-1.52.0-win32-x64\jre\21.0.9-win32-x86_64\bin\verify.dll
0x00007ffe262c0000 - 0x00007ffe26305000 	C:\Users\user\AppData\Roaming\Antigravity\User\globalStorage\redhat.java\1.52.0\config_win\org.eclipse.equinox.launcher\org.eclipse.equinox.launcher.win32.win32.x86_64_1.2.1500.v20260121-1430\eclipse_11919.dll
0x00007ffe619c0000 - 0x00007ffe61b57000 	C:\WINDOWS\System32\ole32.dll

JVMTI agents:
c:\Users\user\.antigravity\extensions\redhat.java-1.52.0-win32-x64\lombok\lombok-1.18.39-4050.jar path:c:\Users\user\.antigravity\extensions\redhat.java-1.52.0-win32-x64\jre\21.0.9-win32-x86_64\bin\instrument.dll, loaded, initialized, instrumentlib options:none

dbghelp: loaded successfully - version: 4.0.5 - missing functions: none
symbol engine: initialized successfully - sym options: 0x614 - pdb path: .;c:\Users\user\.antigravity\extensions\redhat.java-1.52.0-win32-x64\jre\21.0.9-win32-x86_64\bin;C:\WINDOWS\SYSTEM32;C:\WINDOWS\WinSxS\amd64_microsoft.windows.common-controls_6595b64144ccf1df_6.0.26100.7705_none_3e06597ae3363b04;c:\Users\user\.antigravity\extensions\redhat.java-1.52.0-win32-x64\jre\21.0.9-win32-x86_64\bin\server;C:\Users\user\AppData\Roaming\Antigravity\User\globalStorage\redhat.java\1.52.0\config_win\org.eclipse.equinox.launcher\org.eclipse.equinox.launcher.win32.win32.x86_64_1.2.1500.v20260121-1430

VM Arguments:
jvm_args: --add-modules=ALL-SYSTEM --add-opens=java.base/java.util=ALL-UNNAMED --add-opens=java.base/java.lang=ALL-UNNAMED --add-opens=java.base/sun.nio.fs=ALL-UNNAMED -Declipse.application=org.eclipse.jdt.ls.core.id1 -Dosgi.bundles.defaultStartLevel=4 -Declipse.product=org.eclipse.jdt.ls.core.product -Djava.import.generatesMetadataFilesAtProjectRoot=false -DDetectVMInstallationsJob.disabled=true -Dfile.encoding=utf8 -XX:+UseParallelGC -XX:GCTimeRatio=4 -XX:AdaptiveSizePolicyWeight=90 -Dsun.zip.disableMemoryMapping=true -Xmx2G -Xms100m -Xlog:disable -javaagent:c:\Users\user\.antigravity\extensions\redhat.java-1.52.0-win32-x64\lombok\lombok-1.18.39-4050.jar -XX:+HeapDumpOnOutOfMemoryError -XX:HeapDumpPath=c:\Users\user\AppData\Roaming\Antigravity\User\workspaceStorage\dedddf25d11c4c033419886712cd5840\redhat.java -Daether.dependencyCollector.impl=bf 
java_command: c:\Users\user\.antigravity\extensions\redhat.java-1.52.0-win32-x64\server\plugins\org.eclipse.equinox.launcher_1.7.100.v20251111-0406.jar -configuration c:\Users\user\AppData\Roaming\Antigravity\User\globalStorage\redhat.java\1.52.0\config_win -data c:\Users\user\AppData\Roaming\Antigravity\User\workspaceStorage\dedddf25d11c4c033419886712cd5840\redhat.java\jdt_ws --pipe=\\.\pipe\lsp-65c247f69ee2477c66ca91bfc54eb512-sock
java_class_path (initial): c:\Users\user\.antigravity\extensions\redhat.java-1.52.0-win32-x64\server\plugins\org.eclipse.equinox.launcher_1.7.100.v20251111-0406.jar
Launcher Type: SUN_STANDARD

[Global flags]
    uintx AdaptiveSizePolicyWeight                 = 90                                        {product} {command line}
     intx CICompilerCount                          = 12                                        {product} {ergonomic}
    uintx GCTimeRatio                              = 4                                         {product} {command line}
     bool HeapDumpOnOutOfMemoryError               = true                                   {manageable} {command line}
    ccstr HeapDumpPath                             = c:\Users\user\AppData\Roaming\Antigravity\User\workspaceStorage\dedddf25d11c4c033419886712cd5840\redhat.java         {manageable} {command line}
   size_t InitialHeapSize                          = 104857600                                 {product} {command line}
   size_t MaxHeapSize                              = 2147483648                                {product} {command line}
   size_t MaxNewSize                               = 715653120                                 {product} {ergonomic}
   size_t MinHeapDeltaBytes                        = 524288                                    {product} {ergonomic}
   size_t MinHeapSize                              = 104857600                                 {product} {command line}
   size_t NewSize                                  = 34603008                                  {product} {ergonomic}
    uintx NonNMethodCodeHeapSize                   = 7602480                                {pd product} {ergonomic}
    uintx NonProfiledCodeHeapSize                  = 122027880                              {pd product} {ergonomic}
   size_t OldSize                                  = 70254592                                  {product} {ergonomic}
    uintx ProfiledCodeHeapSize                     = 122027880                              {pd product} {ergonomic}
    uintx ReservedCodeCacheSize                    = 251658240                              {pd product} {ergonomic}
     bool SegmentedCodeCache                       = true                                      {product} {ergonomic}
   size_t SoftMaxHeapSize                          = 2147483648                             {manageable} {ergonomic}
     bool UseCompressedOops                        = true                           {product lp64_product} {ergonomic}
     bool UseLargePagesIndividualAllocation        = false                                  {pd product} {ergonomic}
     bool UseParallelGC                            = true                                      {product} {command line}

Logging:
Log output configuration:
 #0: stdout all=off uptime,level,tags foldmultilines=false
 #1: stderr all=off uptime,level,tags foldmultilines=false

Release file:
JAVA_VERSION="21.0.9" 
MODULES="java.base java.compiler java.datatransfer java.xml java.prefs java.desktop java.instrument java.logging java.management java.security.sasl java.naming java.rmi java.management.rmi java.net.http java.scripting java.security.jgss java.transaction.xa java.sql java.sql.rowset java.xml.crypto java.se java.smartcardio jdk.accessibility jdk.internal.jvmstat jdk.attach jdk.charsets jdk.internal.opt jdk.zipfs jdk.compiler jdk.crypto.ec jdk.crypto.cryptoki jdk.crypto.mscapi jdk.dynalink jdk.internal.ed jdk.editpad jdk.hotspot.agent jdk.httpserver jdk.internal.le jdk.internal.vm.ci jdk.internal.vm.compiler jdk.internal.vm.compiler.management jdk.jartool jdk.javadoc jdk.jcmd jdk.management jdk.management.agent jdk.jconsole jdk.jdeps jdk.jdwp.agent jdk.jdi jdk.jfr jdk.jshell jdk.jsobject jdk.jstatd jdk.localedata jdk.management.jfr jdk.naming.dns jdk.naming.rmi jdk.net jdk.nio.mapmode jdk.random jdk.sctp jdk.security.auth jdk.security.jgss jdk.unsupported jdk.unsupported.desktop jdk.xml.dom" 

Environment Variables:
JAVA_HOME=C:\Program Files\Eclipse Adoptium\jdk-17.0.16.8-hotspot
PATH=C:\Program Files\Microsoft MPI\Bin\;C:\Program Files\Eclipse Adoptium\jdk-17.0.16.8-hotspot\bin;C:\Program Files\Common Files\Oracle\Java\javapath;C:\Windows\system32;C:\Windows;C:\Windows\System32\Wbem;C:\Windows\System32\WindowsPowerShell\v1.0\;C:\Windows\System32\OpenSSH\;C:\Program Files (x86)\NVIDIA Corporation\PhysX\Common;C:\Program Files\NVIDIA Corporation\NVIDIA NvDLISR;C:\Program Files\dotnet\;C:\WINDOWS\system32;C:\WINDOWS;C:\WINDOWS\System32\Wbem;C:\WINDOWS\System32\WindowsPowerShell\v1.0\;C:\WINDOWS\System32\OpenSSH\;c:\Users\user\AppData\Local\Programs\cursor\resources\app\bin;C:\Program Files\Git\cmd;C:\Program Files\nodejs\;C:\Program Files\Eclipse Adoptium\jdk-17.0.16.8-hotspot\bin;C:\Users\user\AppData\Local\Android\Sdk\platform-tools;C:\Program Files\Java\jdk-25\bin;C:\Program Files (x86)\Microsoft SQL Server\160\Tools\Binn\;C:\Program Files\Microsoft SQL Server\160\Tools\Binn\;C:\Program Files\Microsoft SQL Server\Client SDK\ODBC\170\Tools\Binn\;C:\Program Files\Microsoft SQL Server\160\DTS\Binn\;C:\Program Files (x86)\Microsoft SQL Server\160\DTS\Binn\;A:\Scripts\;A:\;C:\Users\user\AppData\Local\Programs\Python\Launcher\;C:\Users\user\AppData\Local\Microsoft\WindowsApps;A:\Microsoft VS Code\bin;C:\MinGW\bin;C:\Users\user\AppData\Local\Programs\cursor\resources\app\bin;C:\Users\user\AppData\Local\GitHubDesktop\bin;C:\Users\user\AppData\Roaming\npm;C:\Users\user\AppData\Local\Android\Sdk\platform-tools;C:\Users\user\AppData\Local\Programs\Antigravity\bin
USERNAME=user
OS=Windows_NT
PROCESSOR_IDENTIFIER=AMD64 Family 23 Model 96 Stepping 1, AuthenticAMD
TMP=C:\Users\user\AppData\Local\Temp
TEMP=C:\Users\user\AppData\Local\Temp




Periodic native trim disabled

---------------  S Y S T E M  ---------------

OS:
 Windows 11 , 64 bit Build 26100 (10.0.26100.7705)
OS uptime: 0 days 4:22 hours
Hyper-V role detected

CPU: total 16 (initial active 16) (16 cores per cpu, 2 threads per core) family 23 model 96 stepping 1 microcode 0x8600106, cx8, cmov, fxsr, ht, mmx, 3dnowpref, sse, sse2, sse3, ssse3, sse4a, sse4.1, sse4.2, popcnt, lzcnt, tsc, tscinvbit, avx, avx2, aes, clmul, bmi1, bmi2, adx, sha, fma, vzeroupper, clflush, clflushopt, hv, rdtscp, rdpid, f16c
Processor Information for the first 16 processors :
  Max Mhz: 2901, Current Mhz: 2901, Mhz Limit: 2901

Memory: 4k page, system-wide physical 15791M (1251M free)
TotalPageFile size 20238M (AvailPageFile size 116M)
current process WorkingSet (physical memory assigned to process): 173M, peak: 173M
current process commit charge ("private bytes"): 296M, peak: 317M

vm_info: OpenJDK 64-Bit Server VM (21.0.9+10-LTS) for windows-amd64 JRE (21.0.9+10-LTS), built on 2025-10-21T00:00:00Z by "admin" with unknown MS VC++:1942

END.
